130806 18:26:14 [Note] Plugin 'FEDERATED' is disabled.
130806 18:26:14 InnoDB: The InnoDB memory heap is disabled
130806 18:26:14 InnoDB: Mutexes and rw_locks use Windows interlocked functions
130806 18:26:14 InnoDB: Compressed tables use zlib 1.2.3
130806 18:26:14 InnoDB: Initializing buffer pool, size = 16.0M
130806 18:26:14 InnoDB: Completed initialization of buffer pool
InnoDB: The first specified data file C:\Programme\XAMPP\mysql\data\ibdata1 did not exist:
InnoDB: a new database to be created!
130806 18:26:14  InnoDB: Setting file C:\Programme\XAMPP\mysql\data\ibdata1 size to 10 MB
InnoDB: Database physically writes the file full: wait...
130806 18:26:15  InnoDB: Log file C:\Programme\XAMPP\mysql\data\ib_logfile0 did not exist: new to be created
InnoDB: Setting log file C:\Programme\XAMPP\mysql\data\ib_logfile0 size to 5 MB
InnoDB: Database physically writes the file full: wait...
130806 18:26:15  InnoDB: Log file C:\Programme\XAMPP\mysql\data\ib_logfile1 did not exist: new to be created
InnoDB: Setting log file C:\Programme\XAMPP\mysql\data\ib_logfile1 size to 5 MB
InnoDB: Database physically writes the file full: wait...
InnoDB: Doublewrite buffer not found: creating new
InnoDB: Doublewrite buffer created
InnoDB: 127 rollback segment(s) active.
InnoDB: Creating foreign key constraint system tables
InnoDB: Foreign key constraint system tables created
130806 18:26:16  InnoDB: Waiting for the background threads to start
130806 18:26:19 [Note] Plugin 'FEDERATED' is disabled.
130806 18:26:19 InnoDB: The InnoDB memory heap is disabled
130806 18:26:19 InnoDB: Mutexes and rw_locks use Windows interlocked functions
130806 18:26:19 InnoDB: Compressed tables use zlib 1.2.3
130806 18:26:19 InnoDB: Initializing buffer pool, size = 16.0M
130806 18:26:19 InnoDB: Completed initialization of buffer pool
130806 18:26:19 InnoDB: highest supported file format is Barracuda.
InnoDB: Log scan progressed past the checkpoint lsn 48941
130806 18:26:19  InnoDB: Database was not shut down normally!
InnoDB: Starting crash recovery.
InnoDB: Reading tablespace information from the .ibd files...
InnoDB: Restoring possible half-written data pages from the doublewrite
InnoDB: buffer...
InnoDB: Doing recovery: scanned up to log sequence number 1595675
130806 18:26:19  InnoDB: Starting an apply batch of log records to the database...
InnoDB: Progress in percents: 22 23 24 25 26 27 28 29 30 31 32 33 34 35 36 37 38 39 40 41 42 43 44 45 46 47 48 49 50 51 52 53 54 55 56 57 58 59 60 61 62 63 64 65 66 67 68 69 70 71 72 73 74 75 76 77 78 79 80 81 82 83 84 85 86 87 88 89 90 91 92 93 94 95 96 97 98 99 
InnoDB: Apply batch completed
130806 18:26:20  InnoDB: Waiting for the background threads to start
130806 18:26:21 InnoDB: 5.5.32 started; log sequence number 1595675
130806 18:26:22 [Note] Server hostname (bind-address): '0.0.0.0'; port: 3306
130806 18:26:22 [Note]   - '0.0.0.0' resolves to '0.0.0.0';
130806 18:26:22 [Note] Server socket created on IP: '0.0.0.0'.
130806 18:26:26 [Note] Event Scheduler: Loaded 0 events
130806 18:26:26 [Note] c:\programme\xampp\mysql\bin\mysqld.exe: ready for connections.
Version: '5.5.32'  socket: ''  port: 3306  MySQL Community Server (GPL)
130808 15:34:36 [Note] Plugin 'FEDERATED' is disabled.
130808 15:34:36 InnoDB: The InnoDB memory heap is disabled
130808 15:34:36 InnoDB: Mutexes and rw_locks use Windows interlocked functions
130808 15:34:36 InnoDB: Compressed tables use zlib 1.2.3
130808 15:34:36 InnoDB: Initializing buffer pool, size = 16.0M
130808 15:34:36 InnoDB: Completed initialization of buffer pool
130808 15:34:36 InnoDB: highest supported file format is Barracuda.
InnoDB: The log sequence number in ibdata files does not match
InnoDB: the log sequence number in the ib_logfiles!
130808 15:34:36  InnoDB: Database was not shut down normally!
InnoDB: Starting crash recovery.
InnoDB: Reading tablespace information from the .ibd files...
InnoDB: Restoring possible half-written data pages from the doublewrite
InnoDB: buffer...
130808 15:34:36  InnoDB: Waiting for the background threads to start
130808 15:34:37 InnoDB: 5.5.32 started; log sequence number 1718957
130808 15:34:37 [Note] Server hostname (bind-address): '0.0.0.0'; port: 3306
130808 15:34:37 [Note]   - '0.0.0.0' resolves to '0.0.0.0';
130808 15:34:37 [Note] Server socket created on IP: '0.0.0.0'.
130808 15:34:40 [Note] Event Scheduler: Loaded 0 events
130808 15:34:40 [Note] c:\programme\xampp\mysql\bin\mysqld.exe: ready for connections.
Version: '5.5.32'  socket: ''  port: 3306  MySQL Community Server (GPL)
